Islands (procs)  : 48  |  mode: partial global-best migration
Cities           : 2400, generations: 10500, population/island: 200
Best length      : 18354.24  (from island #23)
Time             : 145.97s
Comm time        : 58.8821s (avg/island)
Compute time     : 87.0857s (estimated = makespan - comm)
rank   compute_s   comm_s    total_s   pop
   0    122.574   23.3804   145.955   200
   1     69.628   76.3394   145.968   200
   2     91.708   54.2523   145.960   200
   3     60.886   81.9580   142.844   200
   4    122.790   23.1644   145.954   200
   5     68.998   76.9685   145.967   200
   6     91.059   54.8980   145.957   200
   7     61.243   81.6002   142.844   200
   8    120.832   25.1229   145.955   200
   9     69.239   76.7286   145.968   200
  10     91.123   54.8377   145.961   200
  11     61.306   81.5376   142.844   200
  12    122.873   23.0819   145.954   200
  13     68.552   77.4144   145.967   200
  14     90.569   55.3876   145.957   200
  15     60.802   82.0420   142.844   200
  16    121.738   24.2169   145.954   200
  17     68.936   77.0309   145.967   200
  18     92.846   53.1142   145.960   200
  19     61.178   81.6657   142.844   200
  20    123.008   22.9466   145.954   200
  21     69.736   76.2302   145.967   200
  22     90.821   55.1359   145.957   200
  23     61.003   81.8408   142.844   200
  24    121.341   24.6132   145.954   200
  25     69.214   76.7530   145.967   200
  26     93.628   52.3265   145.955   200
  27     61.637   81.2069   142.844   200
  28    122.763   23.1919   145.954   200
  29     69.661   76.3058   145.967   200
  30     93.482   52.4724   145.955   200
  31     61.848   80.9954   142.844   200
  32    122.048   23.9063   145.955   200
  33     70.420   75.5478   145.968   200
  34     93.965   51.9953   145.960   200
  35     61.484   81.3601   142.844   200
  36    123.622   22.3325   145.954   200
  37     69.351   76.6158   145.967   200
  38     91.697   54.2595   145.957   200
  39     61.682   81.1613   142.844   200
  40    122.167   23.7872   145.955   200
  41     70.469   75.4993   145.968   200
  42     92.521   53.4400   145.961   200
  43     61.648   81.1957   142.844   200
  44    121.846   24.1080   145.954   200
  45     68.514   77.4523   145.967   200
  46     92.377   53.5803   145.957   200
  47     61.505   81.3384   142.844   200
Route            : 429 2204 642 1148 1181 274 1080 99 743 436 844 948 1357 1556 1930 1234 323 564 767 690 1828 1639 1585 419 92 1321 2202 1824 1882 1634 1057 1723 2315 575 160 920 279 1055 2111 1312 1427 1962 1156 2331 1563 784 1481 1281 1434 313 1075 1327 1388 113 852 694 1814 1725 1208 1030 1768 1934 1267 1190 1753 709 1008 197 1014 1372 421 2155 1029 1275 953 1950 641 847 975 1214 2063 906 2148 1841 1973 1289 2178 566 50 727 201 1058 1139 608 2080 2031 959 1502 1642 334 1284 2103 1317 718 1788 1619 2206 168 2119 1620 2337 2003 1288 702 2033 1590 504 901 1163 1236 2223 1856 619 821 571 1118 792 182 1796 1932 969 527 1640 1594 500 935 147 1604 2161 306 2072 403 1264 1203 2365 1009 233 1843 588 499 1489 1983 1136 1508 1290 1937 1198 2258 2060 851 133 2147 1876 1277 384 1192 1438 451 91 1630 225 1536 1710 1033 328 2058 2062 1196 873 267 1442 1512 1403 242 167 2263 381 1905 565 1445 456 174 911 1412 955 1315 529 424 1090 2160 919 2038 2144 1359 216 401 305 613 1117 887 714 879 689 228 1046 596 987 1300 837 2270 869 2201 1129 463 895 1316 993 1390 1599 2397 1269 1227 483 1625 1541 2240 2061 2388 513 2243 783 1683 2222 2066 1762 433 510 2392 148 2154 76 175 391 188 1600 974 2355 385 2342 1424 1226 2322 2192 2269 265 1314 2224 183 387 455 2279 1219 1423 1036 791 1402 1444 1263 1452 497 2262 760 1254 170 688 150 2137 1308 706 56 253 178 1145 772 545 1994 185 1185 1921 2266 2208 1968 231 877 2118 2109 2105 2132 2390 1285 2284 1140 1431 1430 2071 1728 598 943 1 908 679 276 365 1485 1076 1131 1325 1500 2114 2055 1658 1802 1182 1718 607 136 393 559 1220 1539 1735 26 426 1991 1250 1239 70 1119 757 18 1094 1417 1053 755 609 121 1319 602 2380 1089 1229 488 1678 196 2221 1367 990 1295 1812 236 144 25 2363 2293 1441 759 2030 1017 247 2088 444 39 2230 2280 38 646 1727 1830 1859 83 349 130 1657 2295 541 1614 626 553 1790 293 814 1761 292 1329 1127 2041 1336 320 1643 301 555 34 944 340 525 2271 614 485 703 1348 200 1516 1631 2231 2170 2067 1020 731 2036 66 909 748 1333 399 443 1972 1963 1097 1450 1382 1944 28 423 169 143 191 374 1697 383 1534 509 1588 1252 649 1173 1454 51 1088 1889 1745 954 1503 652 465 1063 2261 563 1006 1218 346 20 271 1743 1975 1820 1151 94 29 817 1691 1189 941 445 1555 2326 2357 2131 1150 786 2039 1739 1785 2133 181 2125 332 1070 680 2340 397 208 897 712 2244 1217 1816 307 2334 1507 900 1793 2085 904 1938 2045 1272 1547 2073 822 1955 531 744 854 2394 1037 1791 1200 85 61 984 1176 304 44 1377 2359 496 1695 1368 543 1458 82 1819 348 1838 354 1155 2324 745 195 1999 1772 756 263 1862 1047 379 1085 1301 1628 1165 2248 67 359 540 1919 2346 439 1901 1967 475 2176 556 1496 746 2188 2211 1686 742 2345 550 1871 1480 1736 1464 275 1829 1732 1542 1098 1752 1868 291 2099 670 1505 782 1722 1223 268 466 1521 1741 1419 454 1123 1291 388 1990 69 1101 1655 502 259 1570 457 1225 2306 674 1832 141 1656 217 1836 1202 1146 1342 461 1228 885 1162 1318 176 458 1153 1849 1878 342 2250 1440 546 937 1005 647 2025 1222 1024 1083 1003 2129 672 2040 1531 370 1908 1242 580 1149 2189 677 2059 939 1517 2095 1407 1188 2077 2167 585 1437 2090 209 119 2017 1259 1840 807 161 1765 1957 386 132 202 224 476 1677 701 1224 1702 312 1268 480 134 366 294 813 2209 392 1925 581 95 2182 2310 1857 1237 872 2140 289 834 1490 1593 699 1473 2006 1421 932 554 1827 2396 594 1948 615 662 1711 1404 1598 1484 1852 793 1054 2323 60 1133 599 437 1595 870 627 417 2255 1134 1946 1533 1061 1520 794 190 1771 1232 2360 80 389 2265 1435 650 2093 557 874 49 1032 2082 788 492 2112 2034 2294 639 2278 186 1779 635 524 1989 2166 204 1606 74 1457 972 1707 1282 930 1486 491 516 2215 2296 1530 1209 240 2065 1915 2247 90 949 2218 1777 396 547 2254 880 1561 687 481 1383 296 1453 1073 21 2330 256 841 1405 1235 2022 1553 1867 1244 1007 842 1734 1400 1040 1704 2076 1982 1113 593 490 2005 1432 1158 723 1529 1861 2110 1504 194 1552 2021 1468 1684 2084 976 1494 799 864 163 1954 1330 54 2317 248 1977 1537 1270 812 1340 1324 622 2239 459 597 994 515 1874 2102 1025 2168 287 1395 951 1942 1302 1672 1199 2130 965 572 1961 1012 1936 1525 539 1168 638 946 2096 156 1304 2124 1911 1795 501 109 222 2027 81 1751 508 124 2338 645 1287 912 964 234 364 2314 996 249 415 1460 1860 1970 187 1106 1187 520 1825 2047 886 2352 1674 464 478 1091 413 1584 1986 338 621 371 1773 980 446 2019 1142 1681 2023 523 2283 967 1043 1891 1105 1152 310 2344 297 1210 1719 1764 1125 2308 377 350 2141 180 992 2158 1433 570 1549 1592 1976 2354 676 532 938 1015 100 1775 659 210 59 1709 1705 2389 587 1016 22 1730 138 522 102 1637 1492 1511 2302 473 1863 1883 592 1172 1066 1160 1506 1363 1524 1096 1616 549 2044 789 957 2217 1294 117 270 1523 658 237 1472 1078 1532 1953 1495 118 669 375 1338 1750 2292 2057 1306 958 618 1696 264 830 2214 395 1988 1261 1116 330 773 107 628 2348 2305 1971 471 1355 360 1099 1538 1243 2395 962 998 551 848 2052 1720 1601 2253 1566 372 1364 1179 775 947 761 586 1081 859 336 1482 1798 1951 1589 1011 785 1572 1022 33 1104 1851 2157 1632 1483 530 771 1644 165 2115 715 601 1082 1266 269 1298 1023 1940 698 1845 1551 1376 1546 2203 811 1809 97 1313 78 64 1169 2122 2 1426 1576 561 1026 1048 1370 337 203 2273 1805 440 1107 720 408 2288 1943 888 2016 207 1886 149 1303 925 2274 1072 533 1109 776 1231 1193 4 2200 449 368 2028 805 1964 2187 790 882 1428 997 1810 62 1939 548 1906 227 213 1543 1738 438 1157 111 1467 963 1255 315 2285 1839 1084 1984 708 414 400 934 1653 1350 1652 1369 2171 2091 226 1671 1778 803 1668 612 569 2035 1574 2191 584 1560 1648 2275 1881 750 2106 68 189 2011 620 1328 1993 314 2272 23 1408 317 815 973 1924 1351 1459 1515 2145 1108 16 1183 106 1211 1276 432 1605 2156 1392 1981 1564 733 1344 2184 631 487 103 2229 1174 1892 2366 238 205 769 325 36 2387 1498 866 1161 797 2037 2246 763 828 1822 918 453 1305 2256 632 1903 519 1650 380 356 1279 625 1212 52 1757 1447 86 1343 322 1701 1763 290 468 1349 2377 40 57 889 2012 166 1028 43 1273 2046 1323 1813 1034 2227 1917 1245 2139 891 1425 373 1360 1689 2152 1846 2212 1586 1597 10 1673 3 1754 2000 1789 836 2210 447 1783 1927 2026 1171 2190 211 1742 339 223 1206 537 96 1002 1409 985 663 707 31 603 1241 1414 1776 1670 1345 505 2001 1716 1052 324 1801 1823 1781 1389 1257 17 1647 1664 1013 801 2042 732 747 1374 1429 871 2316 1811 806 1557 470 2370 518 1215 1667 343 816 2127 781 1379 1690 983 1607 2336 2004 1451 855 2329 675 1904 2376 644 272 2249 2287 101 1278 1855 12 1623 1688 2241 1420 542 1731 1928 416 1352 1562 1833 1100 11 116 590 1978 868 0 705 157 858 1767 2194 2199 2216 477 825 863 1354 495 595 1666 260 736 574 2339 1197 1448 2126 1760 2268 6 829 1466 1248 1283 1443 724 905 1102 1326 1103 1685 1995 142 633 1021 764 1958 671 84 916 1004 802 2195 410 1808 2393 722 2064 2069 1422 1470 1463 35 1766 1636 2009 251 1194 2164 1608 1699 1713 833 827 353 398 1510 1965 79 820 1842 640 2307 327 285 903 2368 1651 2364 72 1064 2100 441 1649 1888 341 1877 1858 1436 335 232 422 73 1126 2347 448 245 2236 568 1246 1899 1518 928 1949 2198 779 1067 1397 751 719 582 1569 2313 691 58 741 1979 2183 1449 1870 152 1708 493 277 735 2219 1501 840 14 2228 881 558 1310 605 1887 766 369 2351 1873 697 2251 1337 2362 952 467 1115 503 678 329 298 1526 778 726 1621 2104 528 1931 1307 282 1204 2213 125 1035 2150 630 402 860 1907 179 1866 15 1462 819 53 713 685 2014 1638 1617 808 1545 472 1205 800 1286 725 1258 2086 1138 1114 1548 2120 2179 1478 2056 2013 849 1256 252 8 261 1371 809 177 2018 1418 1806 517 192 1998 577 1358 2007 2245 653 173 730 1087 1817 184 1626 917 1726 660 98 2193 2282 1679 394 1580 1322 560 333 1864 2174 970 1703 883 1784 2169 2369 430 479 579 1280 1992 1609 452 2321 311 243 363 636 534 716 552 2134 27 358 606 654 989 128 1362 1121 511 1826 1613 108 63 1952 810 2385 120 135 1675 129 1759 637 1591 1554 2162 1676 2373 960 1959 667 482 988 617 1909 361 931 521 2264 1780 1141 929 1558 218 890 2335 1565 2391 710 1844 717 2197 2325 2220 1835 1945 2175 616 308 1769 2328 1615 431 409 795 831 655 1914 1528 2341 131 1583 1186 418 2002 486 1018 404 1111 1077 71 1137 1880 300 427 1869 682 818 367 2180 1898 2070 1797 961 1799 664 2108 2399 583 729 229 1049 1654 798 1622 1499 845 164 693 139 1380 2384 1001 1618 1456 1659 326 1477 1166 1071 137 1918 1446 1929 1700 2233 986 1933 13 1804 862 46 1069 1180 37 1966 1293 1439 1038 1394 1132 914 221 1335 978 1469 206 1297 1803 666 2343 1611 411 2375 1221 780 45 2029 981 1292 512 738 1612 2290 1712 1519 899 2094 1715 1391 1786 1910 1645 629 425 1311 1896 1635 2173 158 1366 1847 1818 1019 172 1331 857 1661 2353 1060 2015 2381 1665 284 2259 2079 1692 2075 1815 1079 2135 1575 1010 406 1093 498 42 1834 796 2286 1249 2196 469 728 1821 1320 1660 1247 2113 1476 434 344 1128 41 32 1274 1334 1875 494 104 2318 230 1960 843 1879 214 846 1378 1698 774 2332 1195 484 171 884 1996 907 2386 875 850 2276 562 1201 2367 1143 7 2311 1577 219 1740 2309 966 435 1854 77 112 2257 894 110 146 1120 1913 826 1544 1401 2298 1086 1746 126 2312 2371 1912 942 2048 544 578 1130 362 1465 2107 1568 923 968 1603 1923 2074 695 2050 1065 262 535 898 2032 316 489 1610 686 1573 878 2089 867 257 1737 762 2121 922 893 2297 1540 940 1747 1461 2097 700 1260 692 2149 2151 1717 768 823 351 770 1144 1039 737 1475 1216 246 933 1922 1514 611 2163 319 1353 1596 2356 318 1997 681 115 2068 1987 721 2165 1178 1154 754 1884 2237 302 278 610 2081 1792 956 514 1509 876 1935 1682 1262 2289 2333 2226 357 506 2349 88 696 2083 1535 24 1122 1251 2242 979 1894 1787 787 1749 105 347 950 460 1641 1807 1926 734 740 281 656 1339 2327 1396 1347 220 309 749 1916 765 1027 199 1733 1233 1571 704 2238 1399 390 2358 2319 926 193 1706 835 1748 1513 1332 2092 1646 2136 2098 450 2281 1207 1629 921 1567 838 48 1920 2185 1491 345 1393 376 1213 1758 1794 87 865 286 576 155 65 915 1341 212 1853 2020 896 47 2153 1051 839 665 1724 215 1299 244 1031 2374 255 1044 2350 711 591 2235 266 902 1744 331 1474 684 2008 1384 2267 2320 1559 295 589 89 75 1406 1471 1872 1893 1663 1095 1633 258 405 1694 1527 273 1373 2053 2054 1902 2361 1375 657 1755 2207 1135 2116 1385 1365 153 924 1062 1587 2051 2291 567 5 739 526 288 651 198 1800 1164 1296 910 999 861 1680 2378 355 235 1980 1956 93 1253 2117 1346 1487 1124 1045 1177 378 1191 1042 2181 1900 604 853 1721 2225 832 1381 1770 1782 2010 154 538 2078 412 2043 824 2234 2177 2299 573 752 2252 1170 1068 254 1848 2123 162 1669 1411 1582 1579 1110 1074 2379 1386 2159 2301 1729 971 1238 303 1774 1050 1000 2304 30 1265 1041 1398 1356 280 1897 1493 1581 1479 758 856 683 1416 1941 1885 428 55 241 936 913 145 2300 507 1488 661 600 1230 250 634 648 2087 1240 1865 122 1974 2383 1056 536 127 1167 2142 2143 1522 982 1850 1969 159 1455 1092 624 1413 1714 1687 114 382 9 1059 1624 2101 1271 1309 1415 123 1831 668 623 1175 19 140 407 1947 321 991 2146 1550 239 927 474 1662 2303 2382 299 2372 995 892 1112 1147 2138 2186 283 151 1361 945 643 777 2128 2024 1837 1387 1985 1756 442 673 2205 420 1497 2398 1627 753 1895 2260 1890 352 2277 1602 804 1159 1184 462 977 2232 2172 1410 1693 2049 1578
Saved stats -> results/nstar_final_stats.csv
